<?xml version="1.0" encoding="UTF-8"?>
<!-- Generated by org.testng.reporters.JUnitReportReporter -->
<testsuite hostname="ETC1304235" failures="0" tests="1" name="com.excelr.module3.Assignment1" time="13.067" errors="0" timestamp="22 Dec 2022 11:46:25 GMT" skipped="0">
  <testcase classname="com.excelr.module3.Assignment1" name="Credentails1" time="13.067"/>
</testsuite> <!-- com.excelr.module3.Assignment1 -->
